make --dry-run --keep-going --print-directory
make: Entering directory '/home/artclave/Desktop/minirt-42'
mkdir -p obj/lexer/
cc -Wall -Wextra -Werror  -Iincludes -Isrc -Ilibs/get_next_line/includes -Ilibs/libft/includes -c src/lexer/adds.c -o obj/lexer/adds.o
mkdir -p obj/lexer/
cc -Wall -Wextra -Werror  -Iincludes -Isrc -Ilibs/get_next_line/includes -Ilibs/libft/includes -c src/lexer/main.c -o obj/lexer/main.o
 
mkdir -p obj/lexer/
cc -Wall -Wextra -Werror  -Iincludes -Isrc -Ilibs/get_next_line/includes -Ilibs/libft/includes -c src/lexer/utils.c -o obj/lexer/utils.o
mkdir -p obj/matrix/
cc -Wall -Wextra -Werror  -Iincludes -Isrc -Ilibs/get_next_line/includes -Ilibs/libft/includes -c src/matrix/matrix_inversion.c -o obj/matrix/matrix_inversion.o
mkdir -p obj/matrix/
cc -Wall -Wextra -Werror  -Iincludes -Isrc -Ilibs/get_next_line/includes -Ilibs/libft/includes -c src/matrix/matrix_op.c -o obj/matrix/matrix_op.o
mkdir -p obj/matrix/
cc -Wall -Wextra -Werror  -Iincludes -Isrc -Ilibs/get_next_line/includes -Ilibs/libft/includes -c src/matrix/matrix_utils.c -o obj/matrix/matrix_utils.o
 
mkdir -p obj/matrix/
cc -Wall -Wextra -Werror  -Iincludes -Isrc -Ilibs/get_next_line/includes -Ilibs/libft/includes -c src/matrix/transform.c -o obj/matrix/transform.o
mkdir -p obj/matrix/
cc -Wall -Wextra -Werror  -Iincludes -Isrc -Ilibs/get_next_line/includes -Ilibs/libft/includes -c src/matrix/rotations.c -o obj/matrix/rotations.o
 
mkdir -p obj/parsing/
cc -Wall -Wextra -Werror  -Iincludes -Isrc -Ilibs/get_next_line/includes -Ilibs/libft/includes -c src/parsing/add_light.c -o obj/parsing/add_light.o
mkdir -p obj/parsing/
cc -Wall -Wextra -Werror  -Iincludes -Isrc -Ilibs/get_next_line/includes -Ilibs/libft/includes -c src/parsing/add_other.c -o obj/parsing/add_other.o
 
mkdir -p obj/parsing/
cc -Wall -Wextra -Werror  -Iincludes -Isrc -Ilibs/get_next_line/includes -Ilibs/libft/includes -c src/parsing/error.c -o obj/parsing/error.o
mkdir -p obj/parsing/
cc -Wall -Wextra -Werror  -Iincludes -Isrc -Ilibs/get_next_line/includes -Ilibs/libft/includes -c src/parsing/main.c -o obj/parsing/main.o
mkdir -p obj/parsing/
cc -Wall -Wextra -Werror  -Iincludes -Isrc -Ilibs/get_next_line/includes -Ilibs/libft/includes -c src/parsing/utils.c -o obj/parsing/utils.o
 
mkdir -p obj/parsing/
cc -Wall -Wextra -Werror  -Iincludes -Isrc -Ilibs/get_next_line/includes -Ilibs/libft/includes -c src/parsing/utils_2.c -o obj/parsing/utils_2.o
 
mkdir -p obj/render/
cc -Wall -Wextra -Werror  -Iincludes -Isrc -Ilibs/get_next_line/includes -Ilibs/libft/includes -c src/render/camera.c -o obj/render/camera.o
mkdir -p obj/render/
cc -Wall -Wextra -Werror  -Iincludes -Isrc -Ilibs/get_next_line/includes -Ilibs/libft/includes -c src/render/light.c -o obj/render/light.o
 
mkdir -p obj/render/
cc -Wall -Wextra -Werror  -Iincludes -Isrc -Ilibs/get_next_line/includes -Ilibs/libft/includes -c src/render/light_utils.c -o obj/render/light_utils.o
mkdir -p obj/render/
cc -Wall -Wextra -Werror  -Iincludes -Isrc -Ilibs/get_next_line/includes -Ilibs/libft/includes -c src/render/ray.c -o obj/render/ray.o
 
mkdir -p obj/render/
cc -Wall -Wextra -Werror  -Iincludes -Isrc -Ilibs/get_next_line/includes -Ilibs/libft/includes -c src/render/scene.c -o obj/render/scene.o
 
mkdir -p obj/render/
cc -Wall -Wextra -Werror  -Iincludes -Isrc -Ilibs/get_next_line/includes -Ilibs/libft/includes -c src/render/shape.c -o obj/render/shape.o
mkdir -p obj/utils/
cc -Wall -Wextra -Werror  -Iincludes -Isrc -Ilibs/get_next_line/includes -Ilibs/libft/includes -c src/utils/clean.c -o obj/utils/clean.o
 
mkdir -p obj/utils/
cc -Wall -Wextra -Werror  -Iincludes -Isrc -Ilibs/get_next_line/includes -Ilibs/libft/includes -c src/utils/hook.c -o obj/utils/hook.o
 
mkdir -p obj/utils/
cc -Wall -Wextra -Werror  -Iincludes -Isrc -Ilibs/get_next_line/includes -Ilibs/libft/includes -c src/utils/mlx_utils.c -o obj/utils/mlx_utils.o
mkdir -p obj/vectors/
cc -Wall -Wextra -Werror  -Iincludes -Isrc -Ilibs/get_next_line/includes -Ilibs/libft/includes -c src/vectors/math_utils.c -o obj/vectors/math_utils.o
mkdir -p obj/vectors/
 
cc -Wall -Wextra -Werror  -Iincludes -Isrc -Ilibs/get_next_line/includes -Ilibs/libft/includes -c src/vectors/vector_math.c -o obj/vectors/vector_math.o
mkdir -p obj/vectors/
cc -Wall -Wextra -Werror  -Iincludes -Isrc -Ilibs/get_next_line/includes -Ilibs/libft/includes -c src/vectors/vector_op.c -o obj/vectors/vector_op.o
 
mkdir -p obj/vectors/
cc -Wall -Wextra -Werror  -Iincludes -Isrc -Ilibs/get_next_line/includes -Ilibs/libft/includes -c src/vectors/vector_utils.c -o obj/vectors/vector_utils.o
mkdir -p obj/
cc -Wall -Wextra -Werror  -Iincludes -Isrc -Ilibs/get_next_line/includes -Ilibs/libft/includes -c src/main.c -o obj/main.o
cc -Wall -Wextra -Werror  -Iincludes -Isrc -Ilibs/get_next_line/includes -Ilibs/libft/includes obj/lexer/adds.o obj/lexer/main.o obj/lexer/utils.o obj/matrix/matrix_inversion.o obj/matrix/matrix_op.o obj/matrix/matrix_utils.o obj/matrix/transform.o obj/matrix/rotations.o obj/parsing/add_light.o obj/parsing/add_other.o obj/parsing/error.o obj/parsing/main.o obj/parsing/utils.o obj/parsing/utils_2.o obj/render/camera.o obj/render/light.o obj/render/light_utils.o obj/render/ray.o obj/render/scene.o obj/render/shape.o obj/utils/clean.o obj/utils/hook.o obj/utils/mlx_utils.o obj/vectors/math_utils.o obj/vectors/vector_math.o obj/vectors/vector_op.o obj/vectors/vector_utils.o obj/main.o -Llibs -lmlx_Linux -lXext -lX11 -lm -lbsd -Llibs/get_next_line -lget_next_line -Llibs/libft -lft -o miniRT -lm
make: Leaving directory '/home/artclave/Desktop/minirt-42'
 
