make all --print-data-base --no-builtin-variables --no-builtin-rules --question
# GNU Make 4.3
# Built for x86_64-pc-linux-gnu
# Copyright (C) 1988-2020 Free Software Foundation, Inc.
# License GPLv3+: GNU GPL version 3 or later <http://gnu.org/licenses/gpl.html>
# This is free software: you are free to change and redistribute it.
# There is NO WARRANTY, to the extent permitted by law.

# Make data base, printed on Sun Jul 21 21:41:43 2024

# Variables

# makefile (from 'Makefile', line 8)
OBJ = obj
# environment
GDK_BACKEND = x11
# environment
LC_ALL = C
# makefile (from 'Makefile', line 7)
SRC = src
# environment
SSH_AGENT_LAUNCHER = gnome-keyring
# environment
GJS_DEBUG_OUTPUT = stderr
# environment
LC_NAME = en_US.UTF-8
# environment
LC_NUMERIC = en_US.UTF-8
# environment
VSCODE_CRASH_REPORTER_PROCESS_TYPE = extensionHost
# environment
VSCODE_CWD = /home/artclave
# makefile (from 'Makefile', line 10)
LIBS = -L$(LIB_DIR) -lmlx_Linux -lXext -lX11 -lm -lbsd
# environment
LC_ADDRESS = en_US.UTF-8
# environment
LIBVIRT_DEFAULT_URI = qemu:///system
# default
MAKE_COMMAND := make
# environment
QT_ACCESSIBILITY = 1
# automatic
@D = $(patsubst %/,%,$(dir $@))
# environment
VSCODE_HANDLES_UNCAUGHT_ERRORS = true
# default
.VARIABLES := 
# environment
PWD = /home/artclave/Desktop/minirt-42
# automatic
%D = $(patsubst %/,%,$(dir $%))
# environment
XDG_DATA_DIRS = /usr/share/ubuntu:/usr/share/gnome:/home/artclave/.local/share/flatpak/exports/share:/var/lib/flatpak/exports/share:/usr/local/share:/usr/share:/var/lib/snapd/desktop
# environment
OLDPWD = /home/artclave
# automatic
^D = $(patsubst %/,%,$(dir $^))
# automatic
%F = $(notdir $%)
# environment
VSCODE_CODE_CACHE_PATH = /home/artclave/.config/Code/CachedData/5437499feb04f7a586f677b155b039bc2b3669eb
# environment
XDG_SESSION_PATH = /org/freedesktop/DisplayManager/Session0
# makefile (from 'Makefile', line 13)
OBJs := obj/1_vectors/math_utils.o obj/1_vectors/vector_math.o obj/1_vectors/vector_op.o obj/1_vectors/vector_utils.o obj/2_matrix/matrix_inversion.o obj/2_matrix/matrix_op.o obj/2_matrix/matrix_utils.o obj/2_matrix/tranform.o obj/2_matrix/transform_utils.o obj/3_render/camera.o obj/3_render/light.o obj/3_render/light_utils.o obj/3_render/ray.o obj/3_render/scene.o obj/3_render/shape.o obj/4_parsing/add_light.o obj/4_parsing/adds_other.o obj/4_parsing/main.o obj/4_parsing/utils.o obj/5.lexer/adds.o obj/5.lexer/main.o obj/5.lexer/utils.o obj/6.utils/clean.o obj/6.utils/mlx_utils.o obj/debug/print.o obj/debug/print_set_up.o obj/main.o
# environment
LANG = C
# environment
XAUTHORITY = /home/artclave/.Xauthority
# default
.LOADED := 
# default
.INCLUDE_DIRS = /usr/local/include /usr/include /usr/include
# makefile
MAKEFLAGS = pqrR
# makefile
CURDIR := /home/artclave/Desktop/minirt-42
# environment
APPLICATION_INSIGHTS_NO_DIAGNOSTIC_CHANNEL = 1
# automatic
*D = $(patsubst %/,%,$(dir $*))
# environment
MFLAGS = -pqrR
# environment
SSH_AUTH_SOCK = /run/user/103610/keyring/ssh
# default
.SHELLFLAGS := -c
# environment
XDG_CONFIG_DIRS = /etc/xdg/xdg-ubuntu:/etc/xdg
# automatic
+D = $(patsubst %/,%,$(dir $+))
# environment
XDG_SESSION_DESKTOP = ubuntu
# makefile (from 'Makefile', line 1)
MAKEFILE_LIST := Makefile
# automatic
@F = $(notdir $@)
# environment
VSCODE_PID = 3318419
# environment
KRB5CCNAME = FILE:/tmp/krb5cc_103610_Q1zPPs
# environment
XDG_SESSION_TYPE = x11
# automatic
?D = $(patsubst %/,%,$(dir $?))
# environment
SESSION_MANAGER = local/z1t3c3.42bangkok.com:@/tmp/.ICE-unix/3314880,unix/z1t3c3.42bangkok.com:/tmp/.ICE-unix/3314880
# automatic
*F = $(notdir $*)
# environment
CHROME_DESKTOP = code-url-handler.desktop
# environment
DBUS_SESSION_BUS_ADDRESS = unix:path=/run/user/103610/bus
# automatic
<D = $(patsubst %/,%,$(dir $<))
# environment
VSCODE_NLS_CONFIG = {"locale":"en-us","osLocale":"en-us","availableLanguages":{},"_languagePackSupport":true}
# default
MAKE_HOST := x86_64-pc-linux-gnu
# environment
GNOME_DESKTOP_SESSION_ID = this-is-deprecated
# makefile
SHELL = /bin/sh
# default
MAKECMDGOALS := all
# environment
XMODIFIERS = @im=ibus
# environment
 
GJS_DEBUG_TOPICS = JS ERROR;JS LOG
# environment
SHLVL = 1
# environment
MAKELEVEL := 0
# makefile (from 'Makefile', line 11)
MKDIR = mkdir -p
# default
MAKE = $(MAKE_COMMAND)
# environment
PATH = /home/artclave/bin:/usr/local/sbin:/usr/local/bin:/usr/sbin:/usr/bin:/sbin:/bin:/usr/games:/usr/local/games:/snap/bin
# default
MAKEFILES := 
# environment
LANGUAGE = en_US:
# environment
LC_MONETARY = en_US.UTF-8
# automatic
^F = $(notdir $^)
# makefile (from 'Makefile', line 4)
LDLIBS = -lm
# environment
LC_TIME = en_US.UTF-8
# environment
INVOCATION_ID = 8be24609b93b4f76afb2b411e7048262
# environment
DOCKER_HOST = unix:///run/user/103610/docker.sock
# environment
LC_TELEPHONE = en_US.UTF-8
# automatic
?F = $(notdir $?)
# environment
GTK_IM_MODULE = ibus
# environment
XDG_CURRENT_DESKTOP = Unity
# automatic
+F = $(notdir $+)
# environment
XDG_SEAT_PATH = /org/freedesktop/DisplayManager/Seat0
# environment
DESKTOP_SESSION = ubuntu
# environment
ORIGINAL_XDG_CURRENT_DESKTOP = ubuntu:GNOME
# 'override' directive
GNUMAKEFLAGS := 
# environment
LOGNAME = artclave
# makefile (from 'Makefile', line 2)
CPPFLAGS = -Iincludes -Isrc
# environment
GIO_LAUNCHED_DESKTOP_FILE = /usr/share/applications/code.desktop
# makefile
.DEFAULT_GOAL := all
# environment
SYSTEMD_EXEC_PID = 3314906
# environment
DISPLAY = :0
# environment
USER = artclave
# environment
GTK_MODULES = gail:atk-bridge
# default
MAKE_VERSION := 4.3
# 'override' directive
.SHELLSTATUS := 0
# environment
MANAGERPID = 3314061
# environment
DEBUGINFOD_URLS = https://debuginfod.ubuntu.com 
# environment
LC_MEASUREMENT = en_US.UTF-8
# environment
GIO_LAUNCHED_DESKTOP_FILE_PID = 3318419
# environment
_ = /usr/share/code/code
# environment
LC_PAPER = en_US.UTF-8
# makefile (from 'Makefile', line 9)
BIN = rt
# environment
XDG_RUNTIME_DIR = /run/user/103610
# makefile (from 'Makefile', line 3)
CFLAGS = -Wall -Wextra -Werror
# environment
GPG_AGENT_INFO = /run/user/103610/gnupg/S.gpg-agent:0:1
# environment
JOURNAL_STREAM = 8:12079210
# environment
XDG_SESSION_CLASS = user
# environment
VSCODE_AMD_ENTRYPOINT = vs/workbench/api/node/extensionHostProcess
# environment
HOME = /home/artclave
# environment
QT_IM_MODULE = ibus
# environment
ELECTRON_RUN_AS_NODE = 1
# environment
VSCODE_IPC_HOOK = /run/user/103610/vscode-e449c818-1.90-main.sock
# makefile (from 'Makefile', line 12)
SRCs := src/1_vectors/math_utils.c src/1_vectors/vector_math.c src/1_vectors/vector_op.c src/1_vectors/vector_utils.c src/2_matrix/matrix_inversion.c src/2_matrix/matrix_op.c src/2_matrix/matrix_utils.c src/2_matrix/tranform.c src/2_matrix/transform_utils.c src/3_render/camera.c src/3_render/light.c src/3_render/light_utils.c src/3_render/ray.c src/3_render/scene.c src/3_render/shape.c src/4_parsing/add_light.c src/4_parsing/adds_other.c src/4_parsing/main.c src/4_parsing/utils.c src/5.lexer/adds.c src/5.lexer/main.c src/5.lexer/utils.c src/6.utils/clean.c src/6.utils/mlx_utils.c src/debug/print.c src/debug/print_set_up.c src/main.c
# environment
FT_HOOK_PATHNAME = login-user.d
# environment
IM_CONFIG_PHASE = 1
# default
.RECIPEPREFIX := 
# automatic
<F = $(notdir $<)
# default
SUFFIXES := 
# environment
FT_HOOK_NAME = login-user
# makefile (from 'Makefile', line 5)
LIB_DIR = libs
# environment
XDG_GREETER_DATA_DIR = /var/lib/lightdm-data/artclave
# default
.FEATURES := target-specific order-only second-expansion else-if shortest-stem undefine oneshell nocomment grouped-target extra-prereqs archives jobserver output-sync check-symlink load
# makefile (from 'Makefile', line 1)
CC = gcc
# environment
XDG_MENU_PREFIX = gnome-
# environment
GDMSESSION = ubuntu
# environment
LC_IDENTIFICATION = en_US.UTF-8
# variable set hash-table stats:
# Load=122/1024=12%, Rehash=0, Collisions=10/165=6%

# Pattern-specific Variable Values

# No pattern-specific variable values.

# Directories

# src/2_matrix (device 2064, inode 12714214): 7 files, no impossibilities so far.
# src/5.lexer (device 2064, inode 25191261): 5 files, no impossibilities so far.
# src (device 2064, inode 4236832): 10 files, no impossibilities so far.
# . (device 2064, inode 20976501): 12 files, no impossibilities.
# src/4_parsing (device 2064, inode 21492171): 6 files, no impossibilities so far.
# src/3_render (device 2064, inode 16963301): 8 files, no impossibilities so far.
# src/1_vectors (device 2064, inode 8446337): 6 files, no impossibilities so far.
# src/6.utils (device 2064, inode 29384839): 4 files, no impossibilities so far.
# src/debug (device 2064, inode 13814): 4 files, no impossibilities so far.

# 62 files, no impossibilities in 9 directories.

# Implicit Rules

obj/%.o: src/%.c
#  recipe to execute (from 'Makefile', line 21):
	$(MKDIR) $(dir $@)
	$(CC) $(CFLAGS) $(CPPFLAGS) -c $< -o $@

# 1 implicit rules, 0 (0.0%) terminal.
# Files

obj/1_vectors/vector_utils.o: src/1_vectors/vector_utils.c
#  Implicit rule search has been done.
#  Implicit/static pattern stem: '1_vectors/vector_utils'
#  Last modified 2024-07-21 20:54:22.096800057
#  File has been updated.
#  Successfully updated.
#  recipe to execute (from 'Makefile', line 21):
	$(MKDIR) $(dir $@)
	$(CC) $(CFLAGS) $(CPPFLAGS) -c $< -o $@

# Not a target:
src/4_parsing/adds_other.c:
#  Implicit rule search has been done.
#  Last modified 2024-07-21 20:29:41.4004786
#  File has been updated.
#  Successfully updated.

# Not a target:
libs/libmlx_Linux.a:
#  Implicit rule search has been done.
#  Last modified 2024-07-21 20:29:41.39647848
#  File has been updated.
#  Successfully updated.

obj/3_render/light_utils.o: src/3_render/light_utils.c
#  Implicit rule search has been done.
#  Implicit/static pattern stem: '3_render/light_utils'
#  Last modified 2024-07-21 20:54:22.324807749
#  File has been updated.
#  Successfully updated.
#  recipe to execute (from 'Makefile', line 21):
	$(MKDIR) $(dir $@)
	$(CC) $(CFLAGS) $(CPPFLAGS) -c $< -o $@

obj/2_matrix/tranform.o: src/2_matrix/tranform.c
#  Implicit rule search has been done.
#  Implicit/static pattern stem: '2_matrix/tranform'
#  Last modified 2024-07-21 20:54:22.208803836
#  File has been updated.
#  Successfully updated.
#  recipe to execute (from 'Makefile', line 21):
	$(MKDIR) $(dir $@)
	$(CC) $(CFLAGS) $(CPPFLAGS) -c $< -o $@

obj/1_vectors/math_utils.o: src/1_vectors/math_utils.c
#  Implicit rule search has been done.
#  Implicit/static pattern stem: '1_vectors/math_utils'
#  Last modified 2024-07-21 20:54:22.012797224
#  File has been updated.
#  Successfully updated.
#  recipe to execute (from 'Makefile', line 21):
	$(MKDIR) $(dir $@)
	$(CC) $(CFLAGS) $(CPPFLAGS) -c $< -o $@

# Not a target:
src/6.utils/mlx_utils.c:
#  Implicit rule search has been done.
#  Last modified 2024-07-21 20:29:41.4004786
#  File has been updated.
#  Successfully updated.

obj/5.lexer/main.o: src/5.lexer/main.c
#  Implicit rule search has been done.
#  Implicit/static pattern stem: '5.lexer/main'
#  Last modified 2024-07-21 20:54:22.580816385
#  File has been updated.
#  Successfully updated.
#  recipe to execute (from 'Makefile', line 21):
	$(MKDIR) $(dir $@)
	$(CC) $(CFLAGS) $(CPPFLAGS) -c $< -o $@

# Not a target:
src/2_matrix/tranform.c:
#  Implicit rule search has been done.
#  Last modified 2024-07-21 20:29:41.4004786
#  File has been updated.
#  Successfully updated.

# Not a target:
src/4_parsing/utils.c:
#  Implicit rule search has been done.
#  Last modified 2024-07-21 20:29:41.4004786
#  File has been updated.
#  Successfully updated.

obj/main.o: src/main.c
#  Implicit rule search has been done.
#  Implicit/static pattern stem: 'main'
#  Last modified 2024-07-21 20:54:22.744821917
#  File has been updated.
#  Successfully updated.
#  recipe to execute (from 'Makefile', line 21):
	$(MKDIR) $(dir $@)
	$(CC) $(CFLAGS) $(CPPFLAGS) -c $< -o $@

# Not a target:
src/1_vectors/vector_utils.c:
#  Implicit rule search has been done.
#  Last modified 2024-07-21 20:29:41.4004786
#  File has been updated.
#  Successfully updated.

obj/3_render/camera.o: src/3_render/camera.c
#  Implicit rule search has been done.
#  Implicit/static pattern stem: '3_render/camera'
#  Last modified 2024-07-21 20:54:22.26880586
#  File has been updated.
#  Successfully updated.
#  recipe to execute (from 'Makefile', line 21):
	$(MKDIR) $(dir $@)
	$(CC) $(CFLAGS) $(CPPFLAGS) -c $< -o $@

obj/2_matrix/matrix_utils.o: src/2_matrix/matrix_utils.c
#  Implicit rule search has been done.
#  Implicit/static pattern stem: '2_matrix/matrix_utils'
#  Last modified 2024-07-21 20:54:22.180802891
#  File has been updated.
#  Successfully updated.
#  recipe to execute (from 'Makefile', line 21):
	$(MKDIR) $(dir $@)
	$(CC) $(CFLAGS) $(CPPFLAGS) -c $< -o $@

obj/3_render/shape.o: src/3_render/shape.c
#  Implicit rule search has been done.
#  Implicit/static pattern stem: '3_render/shape'
#  Last modified 2024-07-21 20:54:22.420810987
#  File has been updated.
#  Successfully updated.
#  recipe to execute (from 'Makefile', line 21):
	$(MKDIR) $(dir $@)
	$(CC) $(CFLAGS) $(CPPFLAGS) -c $< -o $@

obj/6.utils/mlx_utils.o: src/6.utils/mlx_utils.c
#  Implicit rule search has been done.
#  Implicit/static pattern stem: '6.utils/mlx_utils'
#  Last modified 2024-07-21 20:54:22.664819218
#  File has been updated.
#  Successfully updated.
#  recipe to execute (from 'Makefile', line 21):
	$(MKDIR) $(dir $@)
	$(CC) $(CFLAGS) $(CPPFLAGS) -c $< -o $@

# Not a target:
Makefile:
#  Implicit rule search has been done.
#  Last modified 2024-07-21 20:29:41.39647848
#  File has been updated.
#  Successfully updated.

obj/2_matrix/transform_utils.o: src/2_matrix/transform_utils.c
#  Implicit rule search has been done.
#  Implicit/static pattern stem: '2_matrix/transform_utils'
#  Last modified 2024-07-21 20:54:22.23680478
#  File has been updated.
#  Successfully updated.
#  recipe to execute (from 'Makefile', line 21):
	$(MKDIR) $(dir $@)
	$(CC) $(CFLAGS) $(CPPFLAGS) -c $< -o $@

# Not a target:
src/3_render/light_utils.c:
#  Implicit rule search has been done.
#  Last modified 2024-07-21 20:29:41.4004786
#  File has been updated.
#  Successfully updated.

clean:
#  Implicit rule search has not been done.
#  Modification time never checked.
#  File has not been updated.
#  recipe to execute (from 'Makefile', line 25):
	$(RM) -R $(BIN)
	$(RM) -R $(OBJ)

obj/4_parsing/add_light.o: src/4_parsing/add_light.c
#  Implicit rule search has been done.
#  Implicit/static pattern stem: '4_parsing/add_light'
#  Last modified 2024-07-21 20:54:22.444811797
#  File has been updated.
#  Successfully updated.
#  recipe to execute (from 'Makefile', line 21):
	$(MKDIR) $(dir $@)
	$(CC) $(CFLAGS) $(CPPFLAGS) -c $< -o $@

obj/1_vectors/vector_math.o: src/1_vectors/vector_math.c
#  Implicit rule search has been done.
 
#  Implicit/static pattern stem: '1_vectors/vector_math'
#  Last modified 2024-07-21 20:54:22.040798168
#  File has been updated.
#  Successfully updated.
#  recipe to execute (from 'Makefile', line 21):
	$(MKDIR) $(dir $@)
	$(CC) $(CFLAGS) $(CPPFLAGS) -c $< -o $@

# Not a target:
src/3_render/ray.c:
#  Implicit rule search has been done.
#  Last modified 2024-07-21 20:29:41.4004786
#  File has been updated.
#  Successfully updated.

# Not a target:
src/4_parsing/main.c:
#  Implicit rule search has been done.
#  Last modified 2024-07-21 20:29:41.4004786
#  File has been updated.
#  Successfully updated.

# Not a target:
src/main.c:
#  Implicit rule search has been done.
#  Last modified 2024-07-21 20:54:17.356640164
#  File has been updated.
#  Successfully updated.

re: clean all
#  Implicit rule search has not been done.
#  Modification time never checked.
#  File has not been updated.

# Not a target:
src/5.lexer/adds.c:
#  Implicit rule search has been done.
#  Last modified 2024-07-21 20:29:41.4004786
#  File has been updated.
#  Successfully updated.

rt: obj/1_vectors/math_utils.o obj/1_vectors/vector_math.o obj/1_vectors/vector_op.o obj/1_vectors/vector_utils.o obj/2_matrix/matrix_inversion.o obj/2_matrix/matrix_op.o obj/2_matrix/matrix_utils.o obj/2_matrix/tranform.o obj/2_matrix/transform_utils.o obj/3_render/camera.o obj/3_render/light.o obj/3_render/light_utils.o obj/3_render/ray.o obj/3_render/scene.o obj/3_render/shape.o obj/4_parsing/add_light.o obj/4_parsing/adds_other.o obj/4_parsing/main.o obj/4_parsing/utils.o obj/5.lexer/adds.o obj/5.lexer/main.o obj/5.lexer/utils.o obj/6.utils/clean.o obj/6.utils/mlx_utils.o obj/debug/print.o obj/debug/print_set_up.o obj/main.o libs/libmlx_Linux.a
#  Implicit rule search has not been done.
#  Last modified 2024-07-21 20:54:22.768822726
#  File has been updated.
#  Successfully updated.
#  recipe to execute (from 'Makefile', line 18):
	$(CC) $(CFLAGS) $(CPPFLAGS) $(OBJs) $(LIBS) -o $@ $(LDLIBS)

# Not a target:
src/4_parsing/add_light.c:
#  Implicit rule search has been done.
#  Last modified 2024-07-21 20:29:41.4004786
#  File has been updated.
#  Successfully updated.

obj/debug/print_set_up.o: src/debug/print_set_up.c
#  Implicit rule search has been done.
#  Implicit/static pattern stem: 'debug/print_set_up'
#  Last modified 2024-07-21 20:54:22.720821107
#  File has been updated.
#  Successfully updated.
#  recipe to execute (from 'Makefile', line 21):
	$(MKDIR) $(dir $@)
	$(CC) $(CFLAGS) $(CPPFLAGS) -c $< -o $@

# Not a target:
src/3_render/shape.c:
#  Implicit rule search has been done.
#  Last modified 2024-07-21 20:29:41.4004786
#  File has been updated.
#  Successfully updated.

obj/4_parsing/main.o: src/4_parsing/main.c
#  Implicit rule search has been done.
#  Implicit/static pattern stem: '4_parsing/main'
#  Last modified 2024-07-21 20:54:22.500813687
#  File has been updated.
#  Successfully updated.
#  recipe to execute (from 'Makefile', line 21):
	$(MKDIR) $(dir $@)
	$(CC) $(CFLAGS) $(CPPFLAGS) -c $< -o $@

obj/2_matrix/matrix_op.o: src/2_matrix/matrix_op.c
#  Implicit rule search has been done.
#  Implicit/static pattern stem: '2_matrix/matrix_op'
#  Last modified 2024-07-21 20:54:22.152801946
#  File has been updated.
#  Successfully updated.
#  recipe to execute (from 'Makefile', line 21):
	$(MKDIR) $(dir $@)
	$(CC) $(CFLAGS) $(CPPFLAGS) -c $< -o $@

# Not a target:
.DEFAULT:
#  Implicit rule search has not been done.
#  Modification time never checked.
#  File has not been updated.

# Not a target:
src/2_matrix/transform_utils.c:
#  Implicit rule search has been done.
#  Last modified 2024-07-21 20:29:41.4004786
#  File has been updated.
#  Successfully updated.

obj/4_parsing/utils.o: src/4_parsing/utils.c
#  Implicit rule search has been done.
#  Implicit/static pattern stem: '4_parsing/utils'
#  Last modified 2024-07-21 20:54:22.524814496
#  File has been updated.
#  Successfully updated.
#  recipe to execute (from 'Makefile', line 21):
	$(MKDIR) $(dir $@)
	$(CC) $(CFLAGS) $(CPPFLAGS) -c $< -o $@

all: rt
#  Command line target.
#  Implicit rule search has been done.
#  File does not exist.
#  File has been updated.
#  Successfully updated.

# Not a target:
src/6.utils/clean.c:
#  Implicit rule search has been done.
#  Last modified 2024-07-21 20:29:41.4004786
#  File has been updated.
#  Successfully updated.

# Not a target:
src/2_matrix/matrix_op.c:
#  Implicit rule search has been done.
#  Last modified 2024-07-21 20:29:41.4004786
#  File has been updated.
#  Successfully updated.

obj/debug/print.o: src/debug/print.c
#  Implicit rule search has been done.
#  Implicit/static pattern stem: 'debug/print'
#  Last modified 2024-07-21 20:54:22.692820163
#  File has been updated.
#  Successfully updated.
#  recipe to execute (from 'Makefile', line 21):
	$(MKDIR) $(dir $@)
	$(CC) $(CFLAGS) $(CPPFLAGS) -c $< -o $@

# Not a target:
src/5.lexer/main.c:
#  Implicit rule search has been done.
#  Last modified 2024-07-21 20:29:41.4004786
#  File has been updated.
#  Successfully updated.

# Not a target:
src/5.lexer/utils.c:
#  Implicit rule search has been done.
#  Last modified 2024-07-21 20:29:41.4004786
#  File has been updated.
#  Successfully updated.

obj/5.lexer/adds.o: src/5.lexer/adds.c
#  Implicit rule search has been done.
#  Implicit/static pattern stem: '5.lexer/adds'
#  Last modified 2024-07-21 20:54:22.556815576
#  File has been updated.
#  Successfully updated.
#  recipe to execute (from 'Makefile', line 21):
	$(MKDIR) $(dir $@)
	$(CC) $(CFLAGS) $(CPPFLAGS) -c $< -o $@

# Not a target:
src/3_render/camera.c:
#  Implicit rule search has been done.
#  Last modified 2024-07-21 20:29:41.4004786
#  File has been updated.
#  Successfully updated.

# Not a target:
src/2_matrix/matrix_inversion.c:
#  Implicit rule search has been done.
#  Last modified 2024-07-21 20:29:41.4004786
#  File has been updated.
#  Successfully updated.

# Not a target:
src/debug/print.c:
#  Implicit rule search has been done.
#  Last modified 2024-07-21 20:29:41.4004786
#  File has been updated.
#  Successfully updated.

# Not a target:
src/1_vectors/vector_op.c:
#  Implicit rule search has been done.
#  Last modified 2024-07-21 20:29:41.4004786
#  File has been updated.
#  Successfully updated.

# Not a target:
src/debug/print_set_up.c:
#  Implicit rule search has been done.
#  Last modified 2024-07-21 20:29:41.4004786
#  File has been updated.
#  Successfully updated.

# Not a target:
src/1_vectors/vector_math.c:
#  Implicit rule search has been done.
#  Last modified 2024-07-21 20:29:41.4004786
#  File has been updated.
#  Successfully updated.

# Not a target:
src/1_vectors/math_utils.c:
#  Implicit rule search has been done.
#  Last modified 2024-07-21 20:29:41.4004786
#  File has been updated.
#  Successfully updated.

# Not a target:
src/2_matrix/matrix_utils.c:
#  Implicit rule search has been done.
#  Last modified 2024-07-21 20:29:41.4004786
#  File has been updated.
#  Successfully updated.

obj/5.lexer/utils.o: src/5.lexer/utils.c
#  Implicit rule search has been done.
#  Implicit/static pattern stem: '5.lexer/utils'
 
#  Last modified 2024-07-21 20:54:22.612817464
#  File has been updated.
#  Successfully updated.
#  recipe to execute (from 'Makefile', line 21):
	$(MKDIR) $(dir $@)
	$(CC) $(CFLAGS) $(CPPFLAGS) -c $< -o $@

obj/3_render/scene.o: src/3_render/scene.c
#  Implicit rule search has been done.
#  Implicit/static pattern stem: '3_render/scene'
#  Last modified 2024-07-21 20:54:22.384809773
#  File has been updated.
#  Successfully updated.
#  recipe to execute (from 'Makefile', line 21):
	$(MKDIR) $(dir $@)
	$(CC) $(CFLAGS) $(CPPFLAGS) -c $< -o $@

obj/2_matrix/matrix_inversion.o: src/2_matrix/matrix_inversion.c
#  Implicit rule search has been done.
#  Implicit/static pattern stem: '2_matrix/matrix_inversion'
#  Last modified 2024-07-21 20:54:22.124801002
#  File has been updated.
#  Successfully updated.
#  recipe to execute (from 'Makefile', line 21):
	$(MKDIR) $(dir $@)
	$(CC) $(CFLAGS) $(CPPFLAGS) -c $< -o $@

# Not a target:
src/3_render/scene.c:
#  Implicit rule search has been done.
#  Last modified 2024-07-21 20:29:41.4004786
#  File has been updated.
#  Successfully updated.

obj/4_parsing/adds_other.o: src/4_parsing/adds_other.c
#  Implicit rule search has been done.
#  Implicit/static pattern stem: '4_parsing/adds_other'
#  Last modified 2024-07-21 20:54:22.476812876
#  File has been updated.
#  Successfully updated.
#  recipe to execute (from 'Makefile', line 21):
	$(MKDIR) $(dir $@)
	$(CC) $(CFLAGS) $(CPPFLAGS) -c $< -o $@

obj/6.utils/clean.o: src/6.utils/clean.c
#  Implicit rule search has been done.
#  Implicit/static pattern stem: '6.utils/clean'
#  Last modified 2024-07-21 20:54:22.636818274
#  File has been updated.
#  Successfully updated.
#  recipe to execute (from 'Makefile', line 21):
	$(MKDIR) $(dir $@)
	$(CC) $(CFLAGS) $(CPPFLAGS) -c $< -o $@

obj/3_render/ray.o: src/3_render/ray.c
#  Implicit rule search has been done.
#  Implicit/static pattern stem: '3_render/ray'
#  Last modified 2024-07-21 20:54:22.352808693
#  File has been updated.
#  Successfully updated.
#  recipe to execute (from 'Makefile', line 21):
	$(MKDIR) $(dir $@)
	$(CC) $(CFLAGS) $(CPPFLAGS) -c $< -o $@

obj/3_render/light.o: src/3_render/light.c
#  Implicit rule search has been done.
#  Implicit/static pattern stem: '3_render/light'
#  Last modified 2024-07-21 20:54:22.296806804
#  File has been updated.
#  Successfully updated.
#  recipe to execute (from 'Makefile', line 21):
	$(MKDIR) $(dir $@)
	$(CC) $(CFLAGS) $(CPPFLAGS) -c $< -o $@

obj/1_vectors/vector_op.o: src/1_vectors/vector_op.c
#  Implicit rule search has been done.
#  Implicit/static pattern stem: '1_vectors/vector_op'
#  Last modified 2024-07-21 20:54:22.068799113
#  File has been updated.
#  Successfully updated.
#  recipe to execute (from 'Makefile', line 21):
	$(MKDIR) $(dir $@)
	$(CC) $(CFLAGS) $(CPPFLAGS) -c $< -o $@

# Not a target:
src/3_render/light.c:
#  Implicit rule search has been done.
#  Last modified 2024-07-21 20:29:41.4004786
#  File has been updated.
#  Successfully updated.

# files hash-table stats:
# Load=62/1024=6%, Rehash=0, Collisions=14/186=8%
# VPATH Search Paths

# No 'vpath' search paths.

# No general ('VPATH' variable) search path.

# strcache buffers: 1 (0) / strings = 141 / storage = 2325 B / avg = 16 B
# current buf: size = 8162 B / used = 2325 B / count = 141 / avg = 16 B

# strcache performance: lookups = 201 / hit rate = 29%
# hash-table stats:
# Load=141/8192=2%, Rehash=0, Collisions=1/201=0%
# Finished Make data base on Sun Jul 21 21:41:43 2024

 
